c:\users\administrator\desktop\cs2 project\templeware-cs2\templeware-cs2\x64\debug\vc145.pdb
c:\users\administrator\desktop\cs2 project\templeware-cs2\templeware-cs2\x64\debug\vc145.idb
c:\users\administrator\desktop\cs2 project\templeware-cs2\templeware-cs2\x64\debug\zydis.obj
c:\users\administrator\desktop\cs2 project\templeware-cs2\templeware-cs2\x64\debug\kiero.obj
c:\users\administrator\desktop\cs2 project\templeware-cs2\templeware-cs2\x64\debug\steam_avatar.obj
c:\users\administrator\desktop\cs2 project\templeware-cs2\templeware-cs2\x64\debug\movement.obj
c:\users\administrator\desktop\cs2 project\templeware-cs2\templeware-cs2\x64\debug\keybinds.obj
c:\users\administrator\desktop\cs2 project\templeware-cs2\templeware-cs2\x64\debug\module.obj
c:\users\administrator\desktop\cs2 project\templeware-cs2\templeware-cs2\x64\debug\schema.obj
c:\users\administrator\desktop\cs2 project\templeware-cs2\templeware-cs2\x64\debug\imgui_draw.obj
c:\users\administrator\desktop\cs2 project\templeware-cs2\templeware-cs2\x64\debug\aim.obj
c:\users\administrator\desktop\cs2 project\templeware-cs2\templeware-cs2\x64\debug\skinchanger.obj
c:\users\administrator\desktop\cs2 project\templeware-cs2\templeware-cs2\x64\debug\cgameentitysystem.obj
c:\users\administrator\desktop\cs2 project\templeware-cs2\templeware-cs2\x64\debug\gaa.obj
c:\users\administrator\desktop\cs2 project\templeware-cs2\templeware-cs2\x64\debug\playerhook.obj
c:\users\administrator\desktop\cs2 project\templeware-cs2\templeware-cs2\x64\debug\imgui_impl_dx11.obj
c:\users\administrator\desktop\cs2 project\templeware-cs2\templeware-cs2\x64\debug\gamemode.obj
c:\users\administrator\desktop\cs2 project\templeware-cs2\templeware-cs2\x64\debug\agent_changer.obj
c:\users\administrator\desktop\cs2 project\templeware-cs2\templeware-cs2\x64\debug\world.obj
c:\users\administrator\desktop\cs2 project\templeware-cs2\templeware-cs2\x64\debug\sehsupport.obj
c:\users\administrator\desktop\cs2 project\templeware-cs2\templeware-cs2\x64\debug\imgui_demo.obj
c:\users\administrator\desktop\cs2 project\templeware-cs2\templeware-cs2\x64\debug\c_csplayerpawn.obj
c:\users\administrator\desktop\cs2 project\templeware-cs2\templeware-cs2\x64\debug\notify.obj
c:\users\administrator\desktop\cs2 project\templeware-cs2\templeware-cs2\x64\debug\skin_preview.obj
c:\users\administrator\desktop\cs2 project\templeware-cs2\templeware-cs2\x64\debug\weather.obj
c:\users\administrator\desktop\cs2 project\templeware-cs2\templeware-cs2\x64\debug\threadspoof.obj
c:\users\administrator\desktop\cs2 project\templeware-cs2\templeware-cs2\x64\debug\imgui_impl_win32.obj
c:\users\administrator\desktop\cs2 project\templeware-cs2\templeware-cs2\x64\debug\hitchance.obj
c:\users\administrator\desktop\cs2 project\templeware-cs2\templeware-cs2\x64\debug\knife_skins.obj
c:\users\administrator\desktop\cs2 project\templeware-cs2\templeware-cs2\x64\debug\scope.obj
c:\users\administrator\desktop\cs2 project\templeware-cs2\templeware-cs2\x64\debug\viewmatrix.obj
c:\users\administrator\desktop\cs2 project\templeware-cs2\templeware-cs2\x64\debug\main.obj
c:\users\administrator\desktop\cs2 project\templeware-cs2\templeware-cs2\x64\debug\cutlbuffer.obj
c:\users\administrator\desktop\cs2 project\templeware-cs2\templeware-cs2\x64\debug\trace.obj
c:\users\administrator\desktop\cs2 project\templeware-cs2\templeware-cs2\x64\debug\prediction.obj
c:\users\administrator\desktop\cs2 project\templeware-cs2\templeware-cs2\x64\debug\hooks.obj
c:\users\administrator\desktop\cs2 project\templeware-cs2\templeware-cs2\x64\debug\menu.obj
c:\users\administrator\desktop\cs2 project\templeware-cs2\templeware-cs2\x64\debug\imgui_tables.obj
c:\users\administrator\desktop\cs2 project\templeware-cs2\templeware-cs2\x64\debug\ccsplayercontroller.obj
c:\users\administrator\desktop\cs2 project\templeware-cs2\templeware-cs2\x64\debug\nade_pred.obj
c:\users\administrator\desktop\cs2 project\templeware-cs2\templeware-cs2\x64\debug\interfaces.obj
c:\users\administrator\desktop\cs2 project\templeware-cs2\templeware-cs2\x64\debug\patternscan.obj
c:\users\administrator\desktop\cs2 project\templeware-cs2\templeware-cs2\x64\debug\safetyhook.obj
c:\users\administrator\desktop\cs2 project\templeware-cs2\templeware-cs2\x64\debug\chams.obj
c:\users\administrator\desktop\cs2 project\templeware-cs2\templeware-cs2\x64\debug\config.obj
c:\users\administrator\desktop\cs2 project\templeware-cs2\templeware-cs2\x64\debug\memsafe.obj
c:\users\administrator\desktop\cs2 project\templeware-cs2\templeware-cs2\x64\debug\players.obj
c:\users\administrator\desktop\cs2 project\templeware-cs2\templeware-cs2\x64\debug\imgui_widgets.obj
c:\users\administrator\desktop\cs2 project\templeware-cs2\templeware-cs2\x64\debug\c_csweaponbase.obj
c:\users\administrator\desktop\cs2 project\templeware-cs2\templeware-cs2\x64\debug\glow.obj
c:\users\administrator\desktop\cs2 project\templeware-cs2\templeware-cs2\x64\debug\removals.obj
c:\users\administrator\desktop\cs2 project\templeware-cs2\templeware-cs2\x64\debug\math.obj
c:\users\administrator\desktop\cs2 project\templeware-cs2\templeware-cs2\x64\debug\vector.obj
c:\users\administrator\desktop\cs2 project\templeware-cs2\templeware-cs2\x64\debug\memsecurity.obj
c:\users\administrator\desktop\cs2 project\templeware-cs2\templeware-cs2\x64\debug\visuals.obj
c:\users\administrator\desktop\cs2 project\templeware-cs2\templeware-cs2\x64\debug\utlhash.obj
c:\users\administrator\desktop\cs2 project\templeware-cs2\templeware-cs2\x64\debug\ischemaclass.obj
c:\users\administrator\desktop\cs2 project\templeware-cs2\templeware-cs2\x64\debug\bones.obj
c:\users\administrator\desktop\cs2 project\templeware-cs2\templeware-cs2\x64\debug\antiflash.obj
c:\users\administrator\desktop\cs2 project\templeware-cs2\templeware-cs2\x64\debug\hud.obj
c:\users\administrator\desktop\cs2 project\templeware-cs2\templeware-cs2\x64\debug\imgui.obj
c:\users\administrator\desktop\cs2 project\templeware-cs2\templeware-cs2\x64\debug\autowall.obj
c:\users\administrator\desktop\cs2 project\templeware-cs2\templeware-cs2\x64\debug\glove_weapon.obj
c:\users\administrator\desktop\cs2 project\templeware-cs2\templeware-cs2\x64\debug\debug.obj
c:\users\administrator\desktop\cs2 project\templeware-cs2\templeware-cs2\x64\debug\console.obj
c:\users\administrator\desktop\cs2 project\templeware-cs2\templeware-cs2\x64\debug\vacdetect.obj
c:\users\administrator\desktop\cs2 project\templeware-cs2\templeware-cs2\x64\debug\keyvalues.obj
c:\users\administrator\desktop\cs2 project\templeware-cs2\templeware-cs2\x64\debug\widgets.obj
c:\users\administrator\desktop\cs2 project\templeware-cs2\templeware-cs2\x64\debug\fov.obj
c:\users\administrator\desktop\cs2 project\templeware-cs2\templeware-cs2\x64\debug\log.obj
c:\users\administrator\desktop\cs2 project\templeware-cs2\templeware-cs2\x64\debug\templeware.obj
c:\users\administrator\desktop\cs2 project\templeware-cs2\x64\debug\templeware.dll
c:\users\administrator\desktop\cs2 project\templeware-cs2\x64\debug\templeware.pdb
c:\users\administrator\desktop\cs2 project\templeware-cs2\x64\debug\templeware.lib
c:\users\administrator\desktop\cs2 project\templeware-cs2\x64\debug\templeware.exp
c:\users\administrator\desktop\cs2 project\templeware-cs2\templeware-cs2\x64\debug\templeware.ilk
c:\users\administrator\desktop\cs2 project\templeware-cs2\templeware-cs2\x64\debug\templeware-cs2.tlog\cl.command.1.tlog
c:\users\administrator\desktop\cs2 project\templeware-cs2\templeware-cs2\x64\debug\templeware-cs2.tlog\cl.items.tlog
c:\users\administrator\desktop\cs2 project\templeware-cs2\templeware-cs2\x64\debug\templeware-cs2.tlog\cl.read.1.tlog
c:\users\administrator\desktop\cs2 project\templeware-cs2\templeware-cs2\x64\debug\templeware-cs2.tlog\cl.write.1.tlog
c:\users\administrator\desktop\cs2 project\templeware-cs2\templeware-cs2\x64\debug\templeware-cs2.tlog\link.command.1.tlog
c:\users\administrator\desktop\cs2 project\templeware-cs2\templeware-cs2\x64\debug\templeware-cs2.tlog\link.read.1.tlog
c:\users\administrator\desktop\cs2 project\templeware-cs2\templeware-cs2\x64\debug\templeware-cs2.tlog\link.secondary.1.tlog
c:\users\administrator\desktop\cs2 project\templeware-cs2\templeware-cs2\x64\debug\templeware-cs2.tlog\link.write.1.tlog
