c:\users\administrator\appdata\local\temp\opencode\tw_build\templeware-cs2\templeware-cs2\x64\release\imgui_tables.obj
c:\users\administrator\appdata\local\temp\opencode\tw_build\templeware-cs2\templeware-cs2\x64\release\c_csplayerpawn.obj
c:\users\administrator\appdata\local\temp\opencode\tw_build\templeware-cs2\templeware-cs2\x64\release\chams.obj
c:\users\administrator\appdata\local\temp\opencode\tw_build\templeware-cs2\templeware-cs2\x64\release\debug.obj
c:\users\administrator\appdata\local\temp\opencode\tw_build\templeware-cs2\templeware-cs2\x64\release\memsafe.obj
c:\users\administrator\appdata\local\temp\opencode\tw_build\templeware-cs2\templeware-cs2\x64\release\schema.obj
c:\users\administrator\appdata\local\temp\opencode\tw_build\templeware-cs2\templeware-cs2\x64\release\safetyhook.obj
c:\users\administrator\appdata\local\temp\opencode\tw_build\templeware-cs2\templeware-cs2\x64\release\notify.obj
c:\users\administrator\appdata\local\temp\opencode\tw_build\templeware-cs2\templeware-cs2\x64\release\agent_changer.obj
c:\users\administrator\appdata\local\temp\opencode\tw_build\templeware-cs2\templeware-cs2\x64\release\hooks.obj
c:\users\administrator\appdata\local\temp\opencode\tw_build\templeware-cs2\templeware-cs2\x64\release\menu.obj
c:\users\administrator\appdata\local\temp\opencode\tw_build\templeware-cs2\templeware-cs2\x64\release\kiero.obj
c:\users\administrator\appdata\local\temp\opencode\tw_build\templeware-cs2\templeware-cs2\x64\release\nade_pred.obj
c:\users\administrator\appdata\local\temp\opencode\tw_build\templeware-cs2\templeware-cs2\x64\release\removals.obj
c:\users\administrator\appdata\local\temp\opencode\tw_build\templeware-cs2\templeware-cs2\x64\release\console.obj
c:\users\administrator\appdata\local\temp\opencode\tw_build\templeware-cs2\templeware-cs2\x64\release\main.obj
c:\users\administrator\appdata\local\temp\opencode\tw_build\templeware-cs2\templeware-cs2\x64\release\imgui_impl_win32.obj
c:\users\administrator\appdata\local\temp\opencode\tw_build\templeware-cs2\templeware-cs2\x64\release\hitchance.obj
c:\users\administrator\appdata\local\temp\opencode\tw_build\templeware-cs2\templeware-cs2\x64\release\knife_skins.obj
c:\users\administrator\appdata\local\temp\opencode\tw_build\templeware-cs2\templeware-cs2\x64\release\cgameentitysystem.obj
c:\users\administrator\appdata\local\temp\opencode\tw_build\templeware-cs2\templeware-cs2\x64\release\gaa.obj
c:\users\administrator\appdata\local\temp\opencode\tw_build\templeware-cs2\templeware-cs2\x64\release\visuals.obj
c:\users\administrator\appdata\local\temp\opencode\tw_build\templeware-cs2\templeware-cs2\x64\release\utlhash.obj
c:\users\administrator\appdata\local\temp\opencode\tw_build\templeware-cs2\templeware-cs2\x64\release\ischemaclass.obj
c:\users\administrator\appdata\local\temp\opencode\tw_build\templeware-cs2\templeware-cs2\x64\release\gamemode.obj
c:\users\administrator\appdata\local\temp\opencode\tw_build\templeware-cs2\templeware-cs2\x64\release\prediction.obj
c:\users\administrator\appdata\local\temp\opencode\tw_build\templeware-cs2\templeware-cs2\x64\release\config.obj
c:\users\administrator\appdata\local\temp\opencode\tw_build\templeware-cs2\templeware-cs2\x64\release\viewmatrix.obj
c:\users\administrator\appdata\local\temp\opencode\tw_build\templeware-cs2\templeware-cs2\x64\release\imgui.obj
c:\users\administrator\appdata\local\temp\opencode\tw_build\templeware-cs2\templeware-cs2\x64\release\autowall.obj
c:\users\administrator\appdata\local\temp\opencode\tw_build\templeware-cs2\templeware-cs2\x64\release\glove_weapon.obj
c:\users\administrator\appdata\local\temp\opencode\tw_build\templeware-cs2\templeware-cs2\x64\release\weather.obj
c:\users\administrator\appdata\local\temp\opencode\tw_build\templeware-cs2\templeware-cs2\x64\release\playerhook.obj
c:\users\administrator\appdata\local\temp\opencode\tw_build\templeware-cs2\templeware-cs2\x64\release\imgui_draw.obj
c:\users\administrator\appdata\local\temp\opencode\tw_build\templeware-cs2\templeware-cs2\x64\release\c_csweaponbase.obj
c:\users\administrator\appdata\local\temp\opencode\tw_build\templeware-cs2\templeware-cs2\x64\release\glow.obj
c:\users\administrator\appdata\local\temp\opencode\tw_build\templeware-cs2\templeware-cs2\x64\release\scope.obj
c:\users\administrator\appdata\local\temp\opencode\tw_build\templeware-cs2\templeware-cs2\x64\release\math.obj
c:\users\administrator\appdata\local\temp\opencode\tw_build\templeware-cs2\templeware-cs2\x64\release\vector.obj
c:\users\administrator\appdata\local\temp\opencode\tw_build\templeware-cs2\templeware-cs2\x64\release\players.obj
c:\users\administrator\appdata\local\temp\opencode\tw_build\templeware-cs2\templeware-cs2\x64\release\imgui_demo.obj
c:\users\administrator\appdata\local\temp\opencode\tw_build\templeware-cs2\templeware-cs2\x64\release\ccsplayercontroller.obj
c:\users\administrator\appdata\local\temp\opencode\tw_build\templeware-cs2\templeware-cs2\x64\release\widgets.obj
c:\users\administrator\appdata\local\temp\opencode\tw_build\templeware-cs2\templeware-cs2\x64\release\fov.obj
c:\users\administrator\appdata\local\temp\opencode\tw_build\templeware-cs2\templeware-cs2\x64\release\log.obj
c:\users\administrator\appdata\local\temp\opencode\tw_build\templeware-cs2\templeware-cs2\x64\release\imgui_impl_dx11.obj
c:\users\administrator\appdata\local\temp\opencode\tw_build\templeware-cs2\templeware-cs2\x64\release\bones.obj
c:\users\administrator\appdata\local\temp\opencode\tw_build\templeware-cs2\templeware-cs2\x64\release\movement.obj
c:\users\administrator\appdata\local\temp\opencode\tw_build\templeware-cs2\templeware-cs2\x64\release\keybinds.obj
c:\users\administrator\appdata\local\temp\opencode\tw_build\templeware-cs2\templeware-cs2\x64\release\patternscan.obj
c:\users\administrator\appdata\local\temp\opencode\tw_build\templeware-cs2\templeware-cs2\x64\release\keyvalues.obj
c:\users\administrator\appdata\local\temp\opencode\tw_build\templeware-cs2\templeware-cs2\x64\release\trace.obj
c:\users\administrator\appdata\local\temp\opencode\tw_build\templeware-cs2\templeware-cs2\x64\release\skin_preview.obj
c:\users\administrator\appdata\local\temp\opencode\tw_build\templeware-cs2\templeware-cs2\x64\release\world.obj
c:\users\administrator\appdata\local\temp\opencode\tw_build\templeware-cs2\templeware-cs2\x64\release\templeware.obj
c:\users\administrator\appdata\local\temp\opencode\tw_build\templeware-cs2\templeware-cs2\x64\release\cutlbuffer.obj
c:\users\administrator\appdata\local\temp\opencode\tw_build\templeware-cs2\templeware-cs2\x64\release\steam_avatar.obj
c:\users\administrator\appdata\local\temp\opencode\tw_build\templeware-cs2\templeware-cs2\x64\release\antiflash.obj
c:\users\administrator\appdata\local\temp\opencode\tw_build\templeware-cs2\templeware-cs2\x64\release\hud.obj
c:\users\administrator\appdata\local\temp\opencode\tw_build\templeware-cs2\templeware-cs2\x64\release\imgui_widgets.obj
c:\users\administrator\appdata\local\temp\opencode\tw_build\templeware-cs2\templeware-cs2\x64\release\aim.obj
c:\users\administrator\appdata\local\temp\opencode\tw_build\templeware-cs2\templeware-cs2\x64\release\skinchanger.obj
c:\users\administrator\appdata\local\temp\opencode\tw_build\templeware-cs2\templeware-cs2\x64\release\interfaces.obj
c:\users\administrator\appdata\local\temp\opencode\tw_build\templeware-cs2\templeware-cs2\x64\release\module.obj
c:\users\administrator\appdata\local\temp\opencode\tw_build\templeware-cs2\templeware-cs2\x64\release\vc145.pdb
c:\users\administrator\appdata\local\temp\opencode\tw_build\templeware-cs2\templeware-cs2\x64\release\zydis.obj
c:\users\admini~1\appdata\local\temp\opencode\tw_build\templeware-cs2\templeware-cs2\x64\release\vc145.pdb
c:\users\administrator\desktop\cs2 project\templeware-cs2_[unknowncheats.me]_\templeware-cs2\x64\release\templeware_new.dll
c:\users\administrator\desktop\cs2 project\templeware-cs2_[unknowncheats.me]_\templeware-cs2\x64\release\templeware_new.pdb
c:\users\administrator\appdata\local\temp\opencode\tw_build\templeware-cs2\templeware-cs2\x64\release\templeware.ipdb
c:\users\administrator\appdata\local\temp\opencode\tw_build\templeware-cs2\templeware-cs2\x64\release\templeware.iobj
c:\users\admini~1\appdata\local\temp\opencode\tw_build\templeware-cs2\x64\release\templeware.pdb
c:\users\administrator\desktop\cs2 project\templeware-cs2_[unknowncheats.me]_\templeware-cs2\templeware-cs2\x64\release\minhook.res
c:\users\admini~1\appdata\local\temp\opencode\tw_build\templeware-cs2\templeware-cs2\x64\release\templeware.ipdb
c:\users\admini~1\appdata\local\temp\opencode\tw_build\templeware-cs2\templeware-cs2\x64\release\templeware.iobj
c:\users\administrator\appdata\local\temp\opencode\tw_build\templeware-cs2\templeware-cs2\x64\release\buffer.obj
c:\users\administrator\appdata\local\temp\opencode\tw_build\templeware-cs2\templeware-cs2\x64\release\hde32.obj
c:\users\administrator\appdata\local\temp\opencode\tw_build\templeware-cs2\templeware-cs2\x64\release\hde64.obj
c:\users\administrator\appdata\local\temp\opencode\tw_build\templeware-cs2\templeware-cs2\x64\release\hook.obj
c:\users\administrator\appdata\local\temp\opencode\tw_build\templeware-cs2\templeware-cs2\x64\release\trampoline.obj
c:\users\administrator\appdata\local\temp\opencode\tw_build\templeware-cs2\templeware-cs2\x64\release\templeware_new.ipdb
c:\users\administrator\appdata\local\temp\opencode\tw_build\templeware-cs2\templeware-cs2\x64\release\templeware_seed.ipdb
c:\users\administrator\appdata\local\temp\opencode\tw_build\templeware-cs2\templeware-cs2\x64\release\templeware_weather.ipdb
c:\users\administrator\appdata\local\temp\opencode\tw_build\templeware-cs2\templeware-cs2\x64\release\templeware_new.iobj
c:\users\administrator\appdata\local\temp\opencode\tw_build\templeware-cs2\templeware-cs2\x64\release\templeware_seed.iobj
c:\users\administrator\appdata\local\temp\opencode\tw_build\templeware-cs2\templeware-cs2\x64\release\templeware_weather.iobj
c:\users\administrator\appdata\local\temp\opencode\tw_build\templeware-cs2\templeware-cs2\x64\release\minhook.res
c:\users\admini~1\appdata\local\temp\opencode\tw_build\templeware-cs2\x64\release\templeware.dll
c:\users\administrator\appdata\local\temp\opencode\tw_build\templeware-cs2\templeware-cs2\x64\release\templeware-cs2.tlog\cl.command.1.tlog
c:\users\administrator\appdata\local\temp\opencode\tw_build\templeware-cs2\templeware-cs2\x64\release\templeware-cs2.tlog\cl.items.tlog
c:\users\administrator\appdata\local\temp\opencode\tw_build\templeware-cs2\templeware-cs2\x64\release\templeware-cs2.tlog\cl.read.1.tlog
c:\users\administrator\appdata\local\temp\opencode\tw_build\templeware-cs2\templeware-cs2\x64\release\templeware-cs2.tlog\cl.write.1.tlog
c:\users\administrator\appdata\local\temp\opencode\tw_build\templeware-cs2\templeware-cs2\x64\release\templeware-cs2.tlog\link.command.1.tlog
c:\users\administrator\appdata\local\temp\opencode\tw_build\templeware-cs2\templeware-cs2\x64\release\templeware-cs2.tlog\link.read.1.tlog
c:\users\administrator\appdata\local\temp\opencode\tw_build\templeware-cs2\templeware-cs2\x64\release\templeware-cs2.tlog\link.secondary.1.tlog
c:\users\administrator\appdata\local\temp\opencode\tw_build\templeware-cs2\templeware-cs2\x64\release\templeware-cs2.tlog\link.write.1.tlog
c:\users\administrator\appdata\local\temp\opencode\tw_build\templeware-cs2\templeware-cs2\x64\release\templeware-cs2.tlog\rc.command.1.tlog
c:\users\administrator\appdata\local\temp\opencode\tw_build\templeware-cs2\templeware-cs2\x64\release\templeware-cs2.tlog\rc.read.1.tlog
c:\users\administrator\appdata\local\temp\opencode\tw_build\templeware-cs2\templeware-cs2\x64\release\templeware-cs2.tlog\rc.write.1.tlog
